------------------
	   19	_D3std4conv__T10emplaceRefTAaTQdTQgZQwFNaNbNiNfKQvKQyZv
_D3std4conv__T10emplaceRefTAaTQdTQgZQwFKQnKQqZ1S6__ctorMFNaNbNcNiNfKQBpZSQCtQCs__TQCqTQChTQClTQCpZQDgFKQCyKQDcZQCn	19	8	8
------------------
	   19	_D3std4conv__T10emplaceRefTAaTQdTQgZQwFNaNbNiNfKQvKQyZv
_D3std4conv__T10emplaceRefTAaTQdTQgZQwFKQnKQqZ9__lambda5MFNaNbNiNeZPSQCpQCo__TQCmTQCdTQChTQClZQDcFKQCuKQCyZ1S	19	6	6
------------------
	   19	_D3std5array__T8AppenderTAAaZQo__T3putTQnZQiMFNaNbNfQBaZv
_D3std4conv__T10emplaceRefTAaTQdTQgZQwFNaNbNiNfKQvKQyZv	19	37	23
	   19	_D3std4conv__T10emplaceRefTAaTQdTQgZQwFKQnKQqZ9__lambda5MFNaNbNiNeZPSQCpQCo__TQCmTQCdTQChTQClZQDcFKQCuKQCyZ1S
	   19	_D3std4conv__T10emplaceRefTAaTQdTQgZQwFKQnKQqZ1S6__ctorMFNaNbNcNiNfKQBpZSQCtQCs__TQCqTQChTQClTQCpZQDgFKQCyKQDcZQCn
------------------
	  895	_D3std4conv__T10emplaceRefTC5graph9InputNodeTQsTQvZQBlFNaNbNiNfKQBlKQBpZv
_D3std4conv__T10emplaceRefTC5graph9InputNodeTQsTQvZQBlFKQBdKQBhZ1S6__ctorMFNaNbNcNiNfKQChZSQDlQDk__TQDiTQCzTQDdTQDhZQDyFKQDqKQDuZQCn	895	302	302
------------------
	  895	_D3std4conv__T10emplaceRefTC5graph9InputNodeTQsTQvZQBlFNaNbNiNfKQBlKQBpZv
_D3std4conv__T10emplaceRefTC5graph9InputNodeTQsTQvZQBlFKQBdKQBhZ9__lambda5MFNaNbNiNeZPSQDhQDg__TQDeTQCvTQCzTQDdZQDuFKQDmKQDqZ1S	895	324	324
------------------
	  300	_D5graph9InputNode7connectFCQBaQxQgZv
	  393	_D3std5array__T4joinTAAC5graph9InputNodeZQBaFNaNbNfQBeZQBh
	  202	_D3std5array__T8AppenderTAC5graph9InputNodeZQBd__T3putTQBdZQjMFNaNbNfQBrZv
_D3std4conv__T10emplaceRefTC5graph9InputNodeTQsTQvZQBlFNaNbNiNfKQBlKQBpZv	895	1621	995
	  895	_D3std4conv__T10emplaceRefTC5graph9InputNodeTQsTQvZQBlFKQBdKQBhZ9__lambda5MFNaNbNiNeZPSQDhQDg__TQDeTQCvTQCzTQDdZQDuFKQDmKQDqZ1S
	  895	_D3std4conv__T10emplaceRefTC5graph9InputNodeTQsTQvZQBlFKQBdKQBhZ1S6__ctorMFNaNbNcNiNfKQChZSQDlQDk__TQDiTQCzTQDdTQDhZQDyFKQDqKQDuZQCn
------------------
	    3	_D3std4conv__T10emplaceRefTSQBa5stdio4File__T10ByLineImplTaTaZQr4ImplTQBrTSQCvQBvQBsTEQDg8typecons__T4FlagVAyaa14_6b6565705465726d696e61746f72ZQBqTaZQFfFNfKQEzKQDiKQDbKaZv
_D3std4conv__T10emplaceRefTSQBa5stdio4File__T10ByLineImplTaTaZQr4ImplTQBrTSQCvQBvQBsTEQDg8typecons__T4FlagVAyaa14_6b6565705465726d696e61746f72ZQBqTaZQFfFKQExKQDgKQCzKaZ1S6__ctorMFNcNfKQEgKQDzKaZSQHlQHk__TQHiTQGzTQHdTQFmTQFfTaZQIeFKQHwKQGfKQFyKaZQCz	3	22	6
	    3	_D3std5stdio4File__T10ByLineImplTaTaZQr4Impl6__ctorMFNcNfSQCeQCdQCaEQCo8typecons__T4FlagVAyaa14_6b6565705465726d696e61746f72ZQBqaZSQEzQEyQEv__TQEtTaTaZQFbQEl
------------------
	    3	_D3std4conv__T10emplaceRefTSQBa5stdio4File__T10ByLineImplTaTaZQr4ImplTQBrTSQCvQBvQBsTEQDg8typecons__T4FlagVAyaa14_6b6565705465726d696e61746f72ZQBqTaZQFfFNfKQEzKQDiKQDbKaZv
_D3std4conv__T10emplaceRefTSQBa5stdio4File__T10ByLineImplTaTaZQr4ImplTQBrTSQCvQBvQBsTEQDg8typecons__T4FlagVAyaa14_6b6565705465726d696e61746f72ZQBqTaZQFfFKQExKQDgKQCzKaZ9__lambda7MFNaNbNiNeZPSQHhQHg__TQHeTQGvTQGzTQFiTQFbTaZQIaFKQHsKQGbKQFuKaZ1S	3	3	3
------------------
	    3	_D3std8typecons__T10RefCountedTSQBe5stdio4File__T10ByLineImplTaTaZQr4ImplVEQCvQCu24RefCountedAutoInitializei0ZQDo__T6__ctorTSQEtQDpQDmTEQFeQFd__T4FlagVAyaa14_6b6565705465726d696e61746f72ZQBqTaZQCzMFNcKQCzKQCsKaZSQIcQIb__TQHvTQHmVQFzi0ZQIj
_D3std4conv__T10emplaceRefTSQBa5stdio4File__T10ByLineImplTaTaZQr4ImplTQBrTSQCvQBvQBsTEQDg8typecons__T4FlagVAyaa14_6b6565705465726d696e61746f72ZQBqTaZQFfFNfKQEzKQDiKQDbKaZv	3	37	8
	    3	_D3std4conv__T10emplaceRefTSQBa5stdio4File__T10ByLineImplTaTaZQr4ImplTQBrTSQCvQBvQBsTEQDg8typecons__T4FlagVAyaa14_6b6565705465726d696e61746f72ZQBqTaZQFfFKQExKQDgKQCzKaZ9__lambda7MFNaNbNiNeZPSQHhQHg__TQHeTQGvTQGzTQFiTQFbTaZQIaFKQHsKQGbKQFuKaZ1S
	    3	_D3std4conv__T18emplaceInitializerTSQBiQBh__T10emplaceRefTSQCf5stdio4File__T10ByLineImplTaTaZQr4ImplTQBrTSQEaQBvQBsTEQEl8typecons__T4FlagVAyaa14_6b6565705465726d696e61746f72ZQBqTaZQFfFKQExKQDgKQCzKaZ1SZQHgFNaNbNiNeMKQGzZv
	    3	_D3std4conv__T10emplaceRefTSQBa5stdio4File__T10ByLineImplTaTaZQr4ImplTQBrTSQCvQBvQBsTEQDg8typecons__T4FlagVAyaa14_6b6565705465726d696e61746f72ZQBqTaZQFfFKQExKQDgKQCzKaZ1S6__ctorMFNcNfKQEgKQDzKaZSQHlQHk__TQHiTQGzTQHdTQFmTQFfTaZQIeFKQHwKQGfKQFyKaZQCz
------------------
	    3	_D3std5stdio4File__T5writeTkTaZQlMFNfkaZv
_D3std4conv__T11toTextRangeTkTSQBd5stdio4File17LockingTextWriterZQBzFNfkQBqZv	3	193	18
	    3	_D4core8internal6string__T20unsignedToTempStringZQxFNaNbNiNfmMNkAakZQe
	    3	_D3std5stdio4File17LockingTextWriter__T3putTAaZQiMFNfMQkZv
------------------
	    3	_D3std4conv__T10emplaceRefTSQBa5stdio4File__T10ByLineImplTaTaZQr4ImplTQBrTSQCvQBvQBsTEQDg8typecons__T4FlagVAyaa14_6b6565705465726d696e61746f72ZQBqTaZQFfFNfKQEzKQDiKQDbKaZv
_D3std4conv__T18emplaceInitializerTSQBiQBh__T10emplaceRefTSQCf5stdio4File__T10ByLineImplTaTaZQr4ImplTQBrTSQEaQBvQBsTEQEl8typecons__T4FlagVAyaa14_6b6565705465726d696e61746f72ZQBqTaZQFfFKQExKQDgKQCzKaZ1SZQHgFNaNbNiNeMKQGzZv	3	4	4
------------------
	    3	_D3std5array__T4joinTAAC5graph9InputNodeZQBaFQyZ9__lambda2MFNaNbNeZQBt
_D3std5array__T18uninitializedArrayTAC5graph9InputNodeTkZQBqFNaNbkZQBf	3	48	48
------------------
	   19	_D3std5array__T8AppenderTAC5graph9InputNodeZQBd13ensureAddableMFNaNbNfkZv
_D3std5array__T19appenderNewCapacityVki4ZQBaFNaNbNiNfkkZk	19	20	20
------------------
	    4	_D3std5array__T8AppenderTAAaZQo13ensureAddableMFNaNbNfkZv
_D3std5array__T19appenderNewCapacityVki8ZQBaFNaNbNiNfkkZk	4	6	6
------------------
	    3	_D5graph9NodeGraph6__ctorMFAyaZCQBeQBb
_D3std5array__T4joinTAAC5graph9InputNodeZQBaFNaNbNfQBeZQBh	3	947	190
	    3	_D3std5array__T4joinTAAC5graph9InputNodeZQBaFQyZ9__lambda2MFNaNbNeZQBt
	  393	_D3std4conv__T10emplaceRefTC5graph9InputNodeTQsTQvZQBlFNaNbNiNfKQBlKQBpZv
	    3	_D3std5array__T4joinTAAC5graph9InputNodeZQBaFQyZ9__lambda3MFNaNbNiNeZQBv
------------------
	    3	_D3std5array__T4joinTAAC5graph9InputNodeZQBaFNaNbNfQBeZQBh
_D3std5array__T4joinTAAC5graph9InputNodeZQBaFQyZ9__lambda2MFNaNbNeZQBt	3	53	5
	    3	_D3std5array__T18uninitializedArrayTAC5graph9InputNodeTkZQBqFNaNbkZQBf
------------------
	    3	_D3std5array__T4joinTAAC5graph9InputNodeZQBaFNaNbNfQBeZQBh
_D3std5array__T4joinTAAC5graph9InputNodeZQBaFQyZ9__lambda3MFNaNbNiNeZQBv	3	1	1
------------------
	   19	_D3std5array__T8AppenderTAAaZQo__T3putTQnZQiMFNaNbNfQBaZv
_D3std5array__T8AppenderTAAaZQo13ensureAddableMFNaNbNfkZv	19	97	27
	    4	_D3std5array__T19appenderNewCapacityVki8ZQBaFNaNbNiNfkkZk
	    4	_D3std5array__T8AppenderTAAaZQo13ensureAddableMFkZ9__lambda3MFNaNbNeZS4core6memory8BlkInfo_
	    4	_D3std5array__T8AppenderTAAaZQo13ensureAddableMFkZ9__lambda5MFNaNbNiNeZQBu
	    1	_D3std5array__T8AppenderTAAaZQo13ensureAddableMFkZ9__lambda2MFNaNbNeZk
	    1	_D3std5array__T8AppenderTAAaZQo13ensureAddableMFkZ9__lambda4MFNaNbNiNeZv
------------------
	    1	_D3std5array__T8AppenderTAAaZQo13ensureAddableMFNaNbNfkZv
_D3std5array__T8AppenderTAAaZQo13ensureAddableMFkZ9__lambda2MFNaNbNeZk	1	3	3
------------------
	    4	_D3std5array__T8AppenderTAAaZQo13ensureAddableMFNaNbNfkZv
_D3std5array__T8AppenderTAAaZQo13ensureAddableMFkZ9__lambda3MFNaNbNeZS4core6memory8BlkInfo_	4	58	58
------------------
	    1	_D3std5array__T8AppenderTAAaZQo13ensureAddableMFNaNbNfkZv
_D3std5array__T8AppenderTAAaZQo13ensureAddableMFkZ9__lambda4MFNaNbNiNeZv	1	1	1
------------------
	    4	_D3std5array__T8AppenderTAAaZQo13ensureAddableMFNaNbNfkZv
_D3std5array__T8AppenderTAAaZQo13ensureAddableMFkZ9__lambda5MFNaNbNiNeZQBu	4	2	2
------------------
	    3	_D3std5array__TQjTSQr9algorithm9iteration__T9MapResultSQCb10functional__T8unaryFunVAyaa5_612e647570VQra1_61ZQBjTSQEh5stdio4File__T10ByLineImplTaTaZQrZQEcZQFsFQFkZAAa
_D3std5array__T8AppenderTAAaZQo6__ctorMFNaNbNcNeQxZSQByQBx__TQBuTQBoZQCc	3	51	51
------------------
	   19	_D3std5array__TQjTSQr9algorithm9iteration__T9MapResultSQCb10functional__T8unaryFunVAyaa5_612e647570VQra1_61ZQBjTSQEh5stdio4File__T10ByLineImplTaTaZQrZQEcZQFsFQFkZAAa
_D3std5array__T8AppenderTAAaZQo__T3putTQnZQiMFNaNbNfQBaZv	19	169	31
	   19	_D3std5array__T8AppenderTAAaZQo13ensureAddableMFNaNbNfkZv
	   19	_D3std5array__T8AppenderTAAaZQo__T3putTQnZQiMFQuZ9__lambda2MFNaNbNiNeZQBt
	   19	_D3std4conv__T10emplaceRefTAaTQdTQgZQwFNaNbNiNfKQvKQyZv
------------------
	   19	_D3std5array__T8AppenderTAAaZQo__T3putTQnZQiMFNaNbNfQBaZv
_D3std5array__T8AppenderTAAaZQo__T3putTQnZQiMFQuZ9__lambda2MFNaNbNiNeZQBt	19	4	4
------------------
	  202	_D3std5array__T8AppenderTAC5graph9InputNodeZQBd__T3putTQBdZQjMFNaNbNfQBrZv
_D3std5array__T8AppenderTAC5graph9InputNodeZQBd13ensureAddableMFNaNbNfkZv	202	244	120
	   19	_D3std5array__T19appenderNewCapacityVki4ZQBaFNaNbNiNfkkZk
	   19	_D3std5array__T8AppenderTAC5graph9InputNodeZQBd13ensureAddableMFkZ9__lambda3MFNaNbNeZS4core6memory8BlkInfo_
	   19	_D3std5array__T8AppenderTAC5graph9InputNodeZQBd13ensureAddableMFkZ9__lambda5MFNaNbNiNeZQCk
	   13	_D3std5array__T8AppenderTAC5graph9InputNodeZQBd13ensureAddableMFkZ9__lambda2MFNaNbNeZk
	   13	_D3std5array__T8AppenderTAC5graph9InputNodeZQBd13ensureAddableMFkZ9__lambda4MFNaNbNiNeZv
------------------
	   13	_D3std5array__T8AppenderTAC5graph9InputNodeZQBd13ensureAddableMFNaNbNfkZv
_D3std5array__T8AppenderTAC5graph9InputNodeZQBd13ensureAddableMFkZ9__lambda2MFNaNbNeZk	13	20	20
------------------
	   19	_D3std5array__T8AppenderTAC5graph9InputNodeZQBd13ensureAddableMFNaNbNfkZv
_D3std5array__T8AppenderTAC5graph9InputNodeZQBd13ensureAddableMFkZ9__lambda3MFNaNbNeZS4core6memory8BlkInfo_	19	71	71
------------------
	   13	_D3std5array__T8AppenderTAC5graph9InputNodeZQBd13ensureAddableMFNaNbNfkZv
_D3std5array__T8AppenderTAC5graph9InputNodeZQBd13ensureAddableMFkZ9__lambda4MFNaNbNiNeZv	13	6	6
------------------
	   19	_D3std5array__T8AppenderTAC5graph9InputNodeZQBd13ensureAddableMFNaNbNfkZv
_D3std5array__T8AppenderTAC5graph9InputNodeZQBd13ensureAddableMFkZ9__lambda5MFNaNbNiNeZQCk	19	7	7
------------------
	    3	_D3std5array__TQjTSQr9algorithm9iteration__T12FilterResultSQCf10functional__T8unaryFunVAyaa23_612e6e65696768626f7572732e6c656e677468203e2030VQCca1_61ZQCvTAC5graph9InputNodeZQEzZQGpFNaNbNfQGnZQBl
	    3	_D3std5array__TQjTSQr9algorithm9iteration__T12FilterResultS5graph13shortestPathsFACQy9InputNodeZ9__lambda3TQBaZQCpZQEfFNaNbNfQEdZQBw
_D3std5array__T8AppenderTAC5graph9InputNodeZQBd6__ctorMFNaNbNcNeQBnZSQCpQCo__TQClTQCfZQCt	6	50	50
------------------
	  153	_D3std5array__TQjTSQr9algorithm9iteration__T12FilterResultSQCf10functional__T8unaryFunVAyaa23_612e6e65696768626f7572732e6c656e677468203e2030VQCca1_61ZQCvTAC5graph9InputNodeZQEzZQGpFNaNbNfQGnZQBl
	   49	_D3std5array__TQjTSQr9algorithm9iteration__T12FilterResultS5graph13shortestPathsFACQy9InputNodeZ9__lambda3TQBaZQCpZQEfFNaNbNfQEdZQBw
_D3std5array__T8AppenderTAC5graph9InputNodeZQBd__T3putTQBdZQjMFNaNbNfQBrZv	202	1016	310
	  202	_D3std5array__T8AppenderTAC5graph9InputNodeZQBd13ensureAddableMFNaNbNfkZv
	  202	_D3std5array__T8AppenderTAC5graph9InputNodeZQBd__T3putTQBdZQjMFQBlZ9__lambda2MFNaNbNiNeZQCl
	  202	_D3std4conv__T10emplaceRefTC5graph9InputNodeTQsTQvZQBlFNaNbNiNfKQBlKQBpZv
------------------
	  202	_D3std5array__T8AppenderTAC5graph9InputNodeZQBd__T3putTQBdZQjMFNaNbNfQBrZv
_D3std5array__T8AppenderTAC5graph9InputNodeZQBd__T3putTQBdZQjMFQBlZ9__lambda2MFNaNbNiNeZQCl	202	70	70
------------------
	    3	_D5graph13shortestPathsFACQy9InputNodeZv
_D3std5array__TQjTSQr9algorithm9iteration__T12FilterResultS5graph13shortestPathsFACQy9InputNodeZ9__lambda3TQBaZQCpZQEfFNaNbNfQEdZQBw	3	965	82
	    3	_D3std5array__T8AppenderTAC5graph9InputNodeZQBd6__ctorMFNaNbNcNeQBnZSQCpQCo__TQClTQCfZQCt
	   52	_D3std9algorithm9iteration__T12FilterResultS5graph13shortestPathsFACQy9InputNodeZ9__lambda3TQBaZQCp5primeMFNaNbNfZv
	   49	_D3std9algorithm9iteration__T12FilterResultS5graph13shortestPathsFACQy9InputNodeZ9__lambda3TQBaZQCp5frontMFNaNbNcNdNfZQBz
	   49	_D3std5array__T8AppenderTAC5graph9InputNodeZQBd__T3putTQBdZQjMFNaNbNfQBrZv
	   49	_D3std9algorithm9iteration__T12FilterResultS5graph13shortestPathsFACQy9InputNodeZ9__lambda3TQBaZQCp8popFrontMFNaNbNfZv
------------------
	    3	_D5graph9NodeGraph6__ctorMFAyaZCQBeQBb
_D3std5array__TQjTSQr9algorithm9iteration__T12FilterResultSQCf10functional__T8unaryFunVAyaa23_612e6e65696768626f7572732e6c656e677468203e2030VQCca1_61ZQCvTAC5graph9InputNodeZQEzZQGpFNaNbNfQGnZQBl	3	1526	400
	    3	_D3std5array__T8AppenderTAC5graph9InputNodeZQBd6__ctorMFNaNbNcNeQBnZSQCpQCo__TQClTQCfZQCt
	  462	_D3std9algorithm9iteration__T12FilterResultSQBq10functional__T8unaryFunVAyaa23_612e6e65696768626f7572732e6c656e677468203e2030VQCca1_61ZQCvTAC5graph9InputNodeZQEz5primeMFNaNbNiNfZv
	  153	_D3std5array__T8AppenderTAC5graph9InputNodeZQBd__T3putTQBdZQjMFNaNbNfQBrZv
	  153	_D3std9algorithm9iteration__T12FilterResultSQBq10functional__T8unaryFunVAyaa23_612e6e65696768626f7572732e6c656e677468203e2030VQCca1_61ZQCvTAC5graph9InputNodeZQEz8popFrontMFNaNbNiNfZv
------------------
	    3	_D5graph9NodeGraph6__ctorMFAyaZCQBeQBb
_D3std5array__TQjTSQr9algorithm9iteration__T9MapResultSQCb10functional__T8unaryFunVAyaa5_612e647570VQra1_61ZQBjTSQEh5stdio4File__T10ByLineImplTaTaZQrZQEcZQFsFQFkZAAa	3	2255	283
	    3	_D3std5array__T8AppenderTAAaZQo6__ctorMFNaNbNcNeQxZSQByQBx__TQBuTQBoZQCc
	    3	_D3std8typecons__T10RefCountedTSQBe5stdio4File__T10ByLineImplTaTaZQr4ImplVEQCvQCu24RefCountedAutoInitializei0ZQDo10__postblitMFNaNbNiNfZv
	   98	_D3std5stdio4File__T10ByLineImplTaTaZQr4Impl8needLineMFZv
	   19	_D6object__T4_dupTxaTaZQlFNaNbAxaZAa
	   19	_D3std5array__T8AppenderTAAaZQo__T3putTQnZQiMFNaNbNfQBaZv
	    6	_D3std8typecons__T10RefCountedTSQBe5stdio4File__T10ByLineImplTaTaZQr4ImplVEQCvQCu24RefCountedAutoInitializei0ZQDo6__dtorMFZv
------------------
	    3	_D3std4conv__T11toTextRangeTkTSQBd5stdio4File17LockingTextWriterZQBzFNfkQBqZv
_D3std5stdio4File17LockingTextWriter__T3putTAaZQiMFNfMQkZv	3	170	170
------------------
	    3	_D3std5stdio4File__T5writeTkTaZQlMFNfkaZv
_D3std5stdio4File17LockingTextWriter__T3putTaZQhMFNfaZv	3	34641	34641
------------------
	    3	_D3std4conv__T10emplaceRefTSQBa5stdio4File__T10ByLineImplTaTaZQr4ImplTQBrTSQCvQBvQBsTEQDg8typecons__T4FlagVAyaa14_6b6565705465726d696e61746f72ZQBqTaZQFfFKQExKQDgKQCzKaZ1S6__ctorMFNcNfKQEgKQDzKaZSQHlQHk__TQHiTQGzTQHdTQFmTQFfTaZQIeFKQHwKQGfKQFyKaZQCz
_D3std5stdio4File__T10ByLineImplTaTaZQr4Impl6__ctorMFNcNfSQCeQCdQCaEQCo8typecons__T4FlagVAyaa14_6b6565705465726d696e61746f72ZQBqaZSQEzQEyQEv__TQEtTaTaZQFbQEl	3	16	16
------------------
	   98	_D3std5array__TQjTSQr9algorithm9iteration__T9MapResultSQCb10functional__T8unaryFunVAyaa5_612e647570VQra1_61ZQBjTSQEh5stdio4File__T10ByLineImplTaTaZQrZQEcZQFsFQFkZAAa
_D3std5stdio4File__T10ByLineImplTaTaZQr4Impl8needLineMFZv	98	1583	74
	   22	_D3std5stdio4File__T6readlnTaZQkMFKAawZk
	   19	_D3std9algorithm9searching__T8endsWithVAyaa6_61203d3d2062TAaTaZQBiFNaNbNiNfQraZb
------------------
	    3	_D3std5stdio4File__T6byLineTaTaZQmMFEQBj8typecons__T4FlagVAyaa14_6b6565705465726d696e61746f72ZQBqaZSQDuQDtQDq__T10ByLineImplTaTaZQr
_D3std5stdio4File__T10ByLineImplTaTaZQr6__ctorMFNcSQBxQBwQBtEQCh8typecons__T4FlagVAyaa14_6b6565705465726d696e61746f72ZQBqaZSQEsQErQEo__TQEmTaTaZQEu	3	215	127
	    3	_D3std8typecons__T10RefCountedTSQBe5stdio4File__T10ByLineImplTaTaZQr4ImplVEQCvQCu24RefCountedAutoInitializei0ZQDo__T6__ctorTSQEtQDpQDmTEQFeQFd__T4FlagVAyaa14_6b6565705465726d696e61746f72ZQBqTaZQCzMFNcKQCzKQCsKaZSQIcQIb__TQHvTQHmVQFzi0ZQIj
------------------
	    3	_D3std5stdio__T7writelnTkZQlFNfkZv
_D3std5stdio4File__T5writeTkTaZQlMFNfkaZv	3	34877	41
	    3	_D3std9exception__T7enforceZ__TQmTbZQrFNaNfbLAxaAyakZb
	    3	_D3std4conv__T11toTextRangeTkTSQBd5stdio4File17LockingTextWriterZQBzFNfkQBqZv
	    3	_D3std5stdio4File17LockingTextWriter__T3putTaZQhMFNfaZv
------------------
	    3	_D5graph9NodeGraph6__ctorMFAyaZCQBeQBb
_D3std5stdio4File__T6byLineTaTaZQmMFEQBj8typecons__T4FlagVAyaa14_6b6565705465726d696e61746f72ZQBqaZSQDuQDtQDq__T10ByLineImplTaTaZQr	3	223	8
	    3	_D3std5stdio4File__T10ByLineImplTaTaZQr6__ctorMFNcSQBxQBwQBtEQCh8typecons__T4FlagVAyaa14_6b6565705465726d696e61746f72ZQBqaZSQEsQErQEo__TQEmTaTaZQEu
------------------
	   22	_D3std5stdio4File__T10ByLineImplTaTaZQr4Impl8needLineMFZv
_D3std5stdio4File__T6readlnTaZQkMFKAawZk	22	1500	1491
	   22	_D3std9exception__T7enforceZ__TQmTbZQrFNaNfbLAxaAyakZb
------------------
	    3	_D5graph13shortestPathsFACQy9InputNodeZv
_D3std5stdio__T7writelnTkZQlFNfkZv	3	35100	223
	    3	_D3std5stdio4File__T5writeTkTaZQlMFNfkaZv
------------------
	  298	_D3std9container5array__T5ArrayTC5graph9InputNodeZQz7Payload7reserveMFNbNikZv
_D3std8internal6memory__T13enforceMallocZQqFNaNbNiNfkZPv	298	463	463
------------------
	    3	_D3std9algorithm9iteration__T3mapVAyaa5_612e647570Z__TQzTSQCe5stdio4File__T10ByLineImplTaTaZQrZQCoFQBqZSQDyQDxQDq__T9MapResultSQEv10functional__T8unaryFunVQEra5_612e647570VQFia1_61ZQBkTQEyZQCv
	    3	_D3std9algorithm9iteration__T9MapResultSQBm10functional__T8unaryFunVAyaa5_612e647570VQra1_61ZQBjTSQDs5stdio4File__T10ByLineImplTaTaZQrZQEc6__ctorMFNcQCaZSQFwQFvQFo__TQFhSQGmQFa__TQErVQEla5_612e647570VQFca1_61ZQFvTQEmZQHg
	    3	_D3std5array__TQjTSQr9algorithm9iteration__T9MapResultSQCb10functional__T8unaryFunVAyaa5_612e647570VQra1_61ZQBjTSQEh5stdio4File__T10ByLineImplTaTaZQrZQEcZQFsFQFkZAAa
_D3std8typecons__T10RefCountedTSQBe5stdio4File__T10ByLineImplTaTaZQr4ImplVEQCvQCu24RefCountedAutoInitializei0ZQDo10__postblitMFNaNbNiNfZv	9	2	2
------------------
	    3	_D3std9algorithm9iteration__T9MapResultSQBm10functional__T8unaryFunVAyaa5_612e647570VQra1_61ZQBjTSQDs5stdio4File__T10ByLineImplTaTaZQrZQEc6__ctorMFNcQCaZSQFwQFvQFo__TQFhSQGmQFa__TQErVQEla5_612e647570VQFca1_61ZQFvTQEmZQHg
	    3	_D3std9algorithm9iteration__T3mapVAyaa5_612e647570Z__TQzTSQCe5stdio4File__T10ByLineImplTaTaZQrZQCoFQBqZSQDyQDxQDq__T9MapResultSQEv10functional__T8unaryFunVQEra5_612e647570VQFia1_61ZQBkTQEyZQCv
	    6	_D3std5array__TQjTSQr9algorithm9iteration__T9MapResultSQCb10functional__T8unaryFunVAyaa5_612e647570VQra1_61ZQBjTSQEh5stdio4File__T10ByLineImplTaTaZQrZQEcZQFsFQFkZAAa
_D3std8typecons__T10RefCountedTSQBe5stdio4File__T10ByLineImplTaTaZQr4ImplVEQCvQCu24RefCountedAutoInitializei0ZQDo6__dtorMFZv	12	43	41
	    3	_D6object__T7destroyVbi1TS3std5stdio4File__T10ByLineImplTaTaZQr4ImplZQCfFNfKQBzZv
------------------
	    3	_D3std5stdio4File__T10ByLineImplTaTaZQr6__ctorMFNcSQBxQBwQBtEQCh8typecons__T4FlagVAyaa14_6b6565705465726d696e61746f72ZQBqaZSQEsQErQEo__TQEmTaTaZQEu
_D3std8typecons__T10RefCountedTSQBe5stdio4File__T10ByLineImplTaTaZQr4ImplVEQCvQCu24RefCountedAutoInitializei0ZQDo__T6__ctorTSQEtQDpQDmTEQFeQFd__T4FlagVAyaa14_6b6565705465726d696e61746f72ZQBqTaZQCzMFNcKQCzKQCsKaZSQIcQIb__TQHvTQHmVQFzi0ZQIj	3	88	51
	    3	_D3std4conv__T10emplaceRefTSQBa5stdio4File__T10ByLineImplTaTaZQr4ImplTQBrTSQCvQBvQBsTEQDg8typecons__T4FlagVAyaa14_6b6565705465726d696e61746f72ZQBqTaZQFfFNfKQEzKQDiKQDbKaZv
------------------
	  153	_D3std9container5array__T5ArrayTC5graph9InputNodeZQz15__fieldPostblitMFNaNbNiZv
_D3std8typecons__T10RefCountedTSQBe9container5array__T5ArrayTC5graph9InputNodeZQz7PayloadVEQDlQDk24RefCountedAutoInitializei0ZQEe10__postblitMFNaNbNiNfZv	153	48	48
------------------
	  153	_D5graph13shortestPathsFACQy9InputNodeZv
_D3std8typecons__T10RefCountedTSQBe9container5array__T5ArrayTC5graph9InputNodeZQz7PayloadVEQDlQDk24RefCountedAutoInitializei0ZQEe6__dtorMFNbNiZv	153	56	56
------------------
	   46	_D5graph9InputNode6__ctorMFaZCQBcQz
_D3std8typecons__T8NullableTaZQm6__ctorMNgFNaNbNcNiNfNgaZNgSQCgQCf__TQBzTaZQCf	46	10	10
------------------
	   49	_D3std5array__TQjTSQr9algorithm9iteration__T12FilterResultS5graph13shortestPathsFACQy9InputNodeZ9__lambda3TQBaZQCpZQEfFNaNbNfQEdZQBw
_D3std9algorithm9iteration__T12FilterResultS5graph13shortestPathsFACQy9InputNodeZ9__lambda3TQBaZQCp5frontMFNaNbNcNdNfZQBz	49	91	58
	   98	_D3std9algorithm9iteration__T12FilterResultS5graph13shortestPathsFACQy9InputNodeZ9__lambda3TQBaZQCp5primeMFNaNbNfZv
------------------
	   52	_D3std5array__TQjTSQr9algorithm9iteration__T12FilterResultS5graph13shortestPathsFACQy9InputNodeZ9__lambda3TQBaZQCpZQEfFNaNbNfQEdZQBw
	   98	_D3std9algorithm9iteration__T12FilterResultS5graph13shortestPathsFACQy9InputNodeZ9__lambda3TQBaZQCp5frontMFNaNbNcNdNfZQBz
	   49	_D3std9algorithm9iteration__T12FilterResultS5graph13shortestPathsFACQy9InputNodeZ9__lambda3TQBaZQCp8popFrontMFNaNbNfZv
_D3std9algorithm9iteration__T12FilterResultS5graph13shortestPathsFACQy9InputNodeZ9__lambda3TQBaZQCp5primeMFNaNbNfZv	199	71	71
	    3	_D3std9algorithm9searching__T4findVAyaa6_61203d3d2062TAE5graph9InputNode4TypeTQxZQCaFNaNbNiNfQBnQBpZQBu
------------------
	   49	_D3std5array__TQjTSQr9algorithm9iteration__T12FilterResultS5graph13shortestPathsFACQy9InputNodeZ9__lambda3TQBaZQCpZQEfFNaNbNfQEdZQBw
_D3std9algorithm9iteration__T12FilterResultS5graph13shortestPathsFACQy9InputNodeZ9__lambda3TQBaZQCp8popFrontMFNaNbNfZv	49	457	386
	   49	_D3std9algorithm9iteration__T12FilterResultS5graph13shortestPathsFACQy9InputNodeZ9__lambda3TQBaZQCp5primeMFNaNbNfZv
	  150	_D3std9algorithm9searching__T4findVAyaa6_61203d3d2062TAE5graph9InputNode4TypeTQxZQCaFNaNbNiNfQBnQBpZQBu
------------------
	  462	_D3std5array__TQjTSQr9algorithm9iteration__T12FilterResultSQCf10functional__T8unaryFunVAyaa23_612e6e65696768626f7572732e6c656e677468203e2030VQCca1_61ZQCvTAC5graph9InputNodeZQEzZQGpFNaNbNfQGnZQBl
	  153	_D3std9algorithm9iteration__T12FilterResultSQBq10functional__T8unaryFunVAyaa23_612e6e65696768626f7572732e6c656e677468203e2030VQCca1_61ZQCvTAC5graph9InputNodeZQEz8popFrontMFNaNbNiNfZv
_D3std9algorithm9iteration__T12FilterResultSQBq10functional__T8unaryFunVAyaa23_612e6e65696768626f7572732e6c656e677468203e2030VQCca1_61ZQCvTAC5graph9InputNodeZQEz5primeMFNaNbNiNfZv	615	232	232
------------------
	  153	_D3std5array__TQjTSQr9algorithm9iteration__T12FilterResultSQCf10functional__T8unaryFunVAyaa23_612e6e65696768626f7572732e6c656e677468203e2030VQCca1_61ZQCvTAC5graph9InputNodeZQEzZQGpFNaNbNfQGnZQBl
_D3std9algorithm9iteration__T12FilterResultSQBq10functional__T8unaryFunVAyaa23_612e6e65696768626f7572732e6c656e677468203e2030VQCca1_61ZQCvTAC5graph9InputNodeZQEz8popFrontMFNaNbNiNfZv	153	198	136
	  153	_D3std9algorithm9iteration__T12FilterResultSQBq10functional__T8unaryFunVAyaa23_612e6e65696768626f7572732e6c656e677468203e2030VQCca1_61ZQCvTAC5graph9InputNodeZQEz5primeMFNaNbNiNfZv
------------------
	    3	_D5graph9NodeGraph6__ctorMFAyaZCQBeQBb
_D3std9algorithm9iteration__T3mapVAyaa5_612e647570Z__TQzTSQCe5stdio4File__T10ByLineImplTaTaZQrZQCoFQBqZSQDyQDxQDq__T9MapResultSQEv10functional__T8unaryFunVQEra5_612e647570VQFia1_61ZQBkTQEyZQCv	3	123	112
	    3	_D3std8typecons__T10RefCountedTSQBe5stdio4File__T10ByLineImplTaTaZQr4ImplVEQCvQCu24RefCountedAutoInitializei0ZQDo10__postblitMFNaNbNiNfZv
	    3	_D3std9algorithm9iteration__T9MapResultSQBm10functional__T8unaryFunVAyaa5_612e647570VQra1_61ZQBjTSQDs5stdio4File__T10ByLineImplTaTaZQrZQEc6__ctorMFNcQCaZSQFwQFvQFo__TQFhSQGmQFa__TQErVQEla5_612e647570VQFca1_61ZQFvTQEmZQHg
	    3	_D3std8typecons__T10RefCountedTSQBe5stdio4File__T10ByLineImplTaTaZQr4ImplVEQCvQCu24RefCountedAutoInitializei0ZQDo6__dtorMFZv
------------------
	    3	_D5graph13shortestPathsFACQy9InputNodeZv
_D3std9algorithm9iteration__T6filterS5graph13shortestPathsFACQy9InputNodeZ9__lambda3Z__TQChTQBhZQCpMFNaNbNiNfQByZSQEiQEhQEa__T12FilterResultSQEaQDxFQDlZQDaTQDtZQBi	3	1	1
------------------
	    3	_D3std9algorithm9iteration__T3mapVAyaa5_612e647570Z__TQzTSQCe5stdio4File__T10ByLineImplTaTaZQrZQCoFQBqZSQDyQDxQDq__T9MapResultSQEv10functional__T8unaryFunVQEra5_612e647570VQFia1_61ZQBkTQEyZQCv
_D3std9algorithm9iteration__T9MapResultSQBm10functional__T8unaryFunVAyaa5_612e647570VQra1_61ZQBjTSQDs5stdio4File__T10ByLineImplTaTaZQrZQEc6__ctorMFNcQCaZSQFwQFvQFo__TQFhSQGmQFa__TQErVQEla5_612e647570VQFca1_61ZQFvTQEmZQHg	3	10	6
	    3	_D3std8typecons__T10RefCountedTSQBe5stdio4File__T10ByLineImplTaTaZQr4ImplVEQCvQCu24RefCountedAutoInitializei0ZQDo10__postblitMFNaNbNiNfZv
	    3	_D3std8typecons__T10RefCountedTSQBe5stdio4File__T10ByLineImplTaTaZQr4ImplVEQCvQCu24RefCountedAutoInitializei0ZQDo6__dtorMFZv
------------------
	    3	_D3std9algorithm9iteration__T12FilterResultS5graph13shortestPathsFACQy9InputNodeZ9__lambda3TQBaZQCp5primeMFNaNbNfZv
	  150	_D3std9algorithm9iteration__T12FilterResultS5graph13shortestPathsFACQy9InputNodeZ9__lambda3TQBaZQCp8popFrontMFNaNbNfZv
_D3std9algorithm9searching__T4findVAyaa6_61203d3d2062TAE5graph9InputNode4TypeTQxZQCaFNaNbNiNfQBnQBpZQBu	153	60	60
------------------
	  393	_D5graph9InputNode6__ctorMFaZCQBcQz
	  306	_D5graph9InputNode14freelyPassableMFZb
_D3std9algorithm9searching__T4findVAyaa6_61203d3d2062TAE5graph9InputNode4TypeTxEQyQuQmZQCgFNaNbNiNfQBtxQyZQCa	699	273	273
------------------
	   19	_D3std5stdio4File__T10ByLineImplTaTaZQr4Impl8needLineMFZv
_D3std9algorithm9searching__T8endsWithVAyaa6_61203d3d2062TAaTaZQBiFNaNbNiNfQraZb	19	9	9
------------------
	  153	_D3std9container5array__T5ArrayTC5graph9InputNodeZQz7opSliceMFNbNiZSQCoQCnQCg__T6RangeTTSQDjQDiQDb__TQCyTQCvZQDgZQBh
_D3std9container5array__T5ArrayTC5graph9InputNodeZQz15__fieldPostblitMFNaNbNiZv	153	156	108
	  153	_D3std8typecons__T10RefCountedTSQBe9container5array__T5ArrayTC5graph9InputNodeZQz7PayloadVEQDlQDk24RefCountedAutoInitializei0ZQEe10__postblitMFNaNbNiNfZv
------------------
	  298	_D5graph9InputNode7connectFCQBaQxQgZv
_D3std9container5array__T5ArrayTC5graph9InputNodeZQz7Payload7reserveMFNbNikZv	298	2148	1685
	  298	_D3std8internal6memory__T13enforceMallocZQqFNaNbNiNfkZPv
------------------
	  153	_D5graph13shortestPathsFACQy9InputNodeZv
_D3std9container5array__T5ArrayTC5graph9InputNodeZQz7opSliceMFNbNiZSQCoQCnQCg__T6RangeTTSQDjQDiQDb__TQCyTQCvZQDgZQBh	153	419	263
	  153	_D3std9container5array__T5ArrayTC5graph9InputNodeZQz15__fieldPostblitMFNaNbNiZv
------------------
	   22	_D3std5stdio4File__T6readlnTaZQkMFKAawZk
	    3	_D3std5stdio4File__T5writeTkTaZQlMFNfkaZv
_D3std9exception__T7enforceZ__TQmTbZQrFNaNfbLAxaAyakZb	25	11	11
------------------
	    3	_D3std4conv__T11toTextRangeTkTSQBd5stdio4File17LockingTextWriterZQBzFNfkQBqZv
_D4core8internal6string__T20unsignedToTempStringZQxFNaNbNiNfmMNkAakZQe	3	5	5
------------------
	    3	_D5graph9NodeGraph6__ctorMFAyaZCQBeQBb
_D5graph10inputNodesFAAaZAACQBa9InputNode	3	6580	1479
	  393	_D5graph9InputNode6__ctorMFaZCQBcQz
	  702	_D5graph9InputNode7connectFCQBaQxQgZv
------------------
	    3	_D5graph9NodeGraph6__ctorMFAyaZCQBeQBb
_D5graph13shortestPathsFACQy9InputNodeZv	3	58049	20829
	  153	_D3std9container5array__T5ArrayTC5graph9InputNodeZQz7opSliceMFNbNiZSQCoQCnQCg__T6RangeTTSQDjQDiQDb__TQCyTQCvZQDgZQBh
	  153	_D3std8typecons__T10RefCountedTSQBe9container5array__T5ArrayTC5graph9InputNodeZQz7PayloadVEQDlQDk24RefCountedAutoInitializei0ZQEe6__dtorMFNbNiZv
	    3	_D3std5stdio__T7writelnTkZQlFNfkZv
	  153	_D5graph9InputNode14freelyPassableMFZb
	    3	_D3std9algorithm9iteration__T6filterS5graph13shortestPathsFACQy9InputNodeZ9__lambda3Z__TQChTQBhZQCpMFNaNbNiNfQByZSQEiQEhQEa__T12FilterResultSQEaQDxFQDlZQDaTQDtZQBi
	    3	_D3std5array__TQjTSQr9algorithm9iteration__T12FilterResultS5graph13shortestPathsFACQy9InputNodeZ9__lambda3TQBaZQCpZQEfFNaNbNfQEdZQBw
------------------
	  153	_D5graph13shortestPathsFACQy9InputNodeZv
_D5graph9InputNode14freelyPassableMFZb	153	679	560
	  306	_D3std9algorithm9searching__T4findVAyaa6_61203d3d2062TAE5graph9InputNode4TypeTxEQyQuQmZQCgFNaNbNiNfQBtxQyZQCa
------------------
	  393	_D5graph10inputNodesFAAaZAACQBa9InputNode
_D5graph9InputNode6__ctorMFaZCQBcQz	393	1084	920
	  393	_D3std9algorithm9searching__T4findVAyaa6_61203d3d2062TAE5graph9InputNode4TypeTxEQyQuQmZQCgFNaNbNiNfQBtxQyZQCa
	   46	_D3std8typecons__T8NullableTaZQm6__ctorMNgFNaNbNcNiNfNgaZNgSQCgQCf__TQBzTaZQCf
------------------
	  702	_D5graph10inputNodesFAAaZAACQBa9InputNode
_D5graph9InputNode7connectFCQBaQxQgZv	702	4017	1343
	  298	_D3std9container5array__T5ArrayTC5graph9InputNodeZQz7Payload7reserveMFNbNikZv
	  300	_D3std4conv__T10emplaceRefTC5graph9InputNodeTQsTQvZQBlFNaNbNiNfKQBlKQBpZv
------------------
	    3	_Dmain
_D5graph9NodeGraph6__ctorMFAyaZCQBeQBb	3	123461	53758
	    3	_D3std5stdio4File__T6byLineTaTaZQmMFEQBj8typecons__T4FlagVAyaa14_6b6565705465726d696e61746f72ZQBqaZSQDuQDtQDq__T10ByLineImplTaTaZQr
	    3	_D3std9algorithm9iteration__T3mapVAyaa5_612e647570Z__TQzTSQCe5stdio4File__T10ByLineImplTaTaZQrZQCoFQBqZSQDyQDxQDq__T9MapResultSQEv10functional__T8unaryFunVQEra5_612e647570VQFia1_61ZQBkTQEyZQCv
	    3	_D3std5array__TQjTSQr9algorithm9iteration__T9MapResultSQCb10functional__T8unaryFunVAyaa5_612e647570VQra1_61ZQBjTSQEh5stdio4File__T10ByLineImplTaTaZQrZQEcZQFsFQFkZAAa
	    3	_D5graph10inputNodesFAAaZAACQBa9InputNode
	    3	_D3std5array__T4joinTAAC5graph9InputNodeZQBaFNaNbNfQBeZQBh
	    3	_D3std5array__TQjTSQr9algorithm9iteration__T12FilterResultSQCf10functional__T8unaryFunVAyaa23_612e6e65696768626f7572732e6c656e677468203e2030VQCca1_61ZQCvTAC5graph9InputNodeZQEzZQGpFNaNbNfQGnZQBl
	    3	_D5graph13shortestPathsFACQy9InputNodeZv
------------------
	   19	_D6object__T4_dupTxaTaZQlFNaNbAxaZAa
_D6object__T11_doPostblitTaZQqFNaNbNiNfAaZv	19	34	25
	   19	_D6object__T12_getPostblitTaZQrFNaNbNiNeZDFNaNbNiNfKaZv
------------------
	   19	_D6object__T11_doPostblitTaZQqFNaNbNiNfAaZv
_D6object__T12_getPostblitTaZQrFNaNbNiNeZDFNaNbNiNfKaZv	19	9	9
------------------
	   19	_D3std5array__TQjTSQr9algorithm9iteration__T9MapResultSQCb10functional__T8unaryFunVAyaa5_612e647570VQra1_61ZQBjTSQEh5stdio4File__T10ByLineImplTaTaZQrZQEcZQFsFQFkZAAa
_D6object__T4_dupTxaTaZQlFNaNbAxaZAa	19	129	95
	   19	_D6object__T11_doPostblitTaZQqFNaNbNiNfAaZv
------------------
	    3	_D6object__T7destroyVbi1TS3std5stdio4File__T10ByLineImplTaTaZQr4ImplZQCfFNfKQBzZv
_D6object__T7destroyVbi1TS3std5stdio4File__T10ByLineImplTaTaZQr4ImplZQCfFKQBxZ9__lambda4MFNaNbNiNeZv	3	0	0
------------------
	    3	_D3std8typecons__T10RefCountedTSQBe5stdio4File__T10ByLineImplTaTaZQr4ImplVEQCvQCu24RefCountedAutoInitializei0ZQDo6__dtorMFZv
_D6object__T7destroyVbi1TS3std5stdio4File__T10ByLineImplTaTaZQr4ImplZQCfFNfKQBzZv	3	2	2
	    3	_D6object__T7destroyVbi1TS3std5stdio4File__T10ByLineImplTaTaZQr4ImplZQCfFKQBxZ9__lambda4MFNaNbNiNeZv
------------------
_Dmain	0	123505	44
	    3	_D5graph9NodeGraph6__ctorMFAyaZCQBeQBb

======== Timer Is 10000000 Ticks/Sec, Times are in Microsecs ========

  Num          Tree        Func        Per
  Calls        Time        Time        Call

      3       12346        5375        1791     graph.NodeGraph graph.NodeGraph.__ctor(immutable(char)[])
      3        3464        3464        1154     @safe void std.stdio.File.LockingTextWriter.put!(char).put(char)
      3        5804        2082         694     void graph.shortestPaths(graph.InputNode[])
    298         214         168           0     nothrow @nogc void std.container.array.Array!(graph.InputNode).Array.Payload.reserve(uint)
     22         150         149           6     uint std.stdio.File.readln!(char).readln(ref char[], dchar)
      3         658         147          49     graph.InputNode[][] graph.inputNodes(char[][])
    702         401         134           0     void graph.InputNode.connect(graph.InputNode, graph.InputNode)
    895         162          99           0     pure nothrow @nogc @safe void std.conv.emplaceRef!(graph.InputNode, graph.InputNode, graph.InputNode).emplaceRef(ref graph.InputNode, ref graph.InputNode)
    393         108          92           0     graph.InputNode graph.InputNode.__ctor(char)
    153          67          56           0     bool graph.InputNode.freelyPassable()
    298          46          46           0     pure nothrow @nogc @safe void* std.internal.memory.enforceMalloc!().enforceMalloc(uint)
      3         152          40          13     pure nothrow @safe graph.InputNode[] std.array.array!(std.algorithm.iteration.FilterResult!(std.functional.unaryFun!("a.neighbours.length > 0", "a").unaryFun, graph.InputNode[]).FilterResult).array(std.algorithm.iteration.FilterResult!(std.functional.unaryFun!("a.neighbours.length > 0", "a").unaryFun, graph.InputNode[]).FilterResult)
     49          45          38           0     pure nothrow @safe void std.algorithm.iteration.FilterResult!(graph.shortestPaths(graph.InputNode[]).__lambda3, graph.InputNode[]).FilterResult.popFront()
    895          32          32           0     pure nothrow @nogc @trusted std.conv.emplaceRef!(graph.InputNode, graph.InputNode, graph.InputNode).emplaceRef(ref graph.InputNode, ref graph.InputNode).S* std.conv.emplaceRef!(graph.InputNode, graph.InputNode, graph.InputNode).emplaceRef(ref graph.InputNode, ref graph.InputNode).__lambda5()
    202         101          31           0     pure nothrow @safe void std.array.Appender!(graph.InputNode[]).Appender.put!(graph.InputNode).put(graph.InputNode)
    895          30          30           0     pure nothrow ref @nogc @safe std.conv.emplaceRef!(graph.InputNode, graph.InputNode, graph.InputNode).emplaceRef(ref graph.InputNode, ref graph.InputNode).S std.conv.emplaceRef!(graph.InputNode, graph.InputNode, graph.InputNode).emplaceRef(ref graph.InputNode, ref graph.InputNode).S.__ctor(ref graph.InputNode)
      3         225          28           9     char[][] std.array.array!(std.algorithm.iteration.MapResult!(std.functional.unaryFun!("a.dup", "a").unaryFun, std.stdio.File.ByLineImpl!(char, char).ByLineImpl).MapResult).array(std.algorithm.iteration.MapResult!(std.functional.unaryFun!("a.dup", "a").unaryFun, std.stdio.File.ByLineImpl!(char, char).ByLineImpl).MapResult)
    699          27          27           0     pure nothrow @nogc @safe graph.InputNode.Type[] std.algorithm.searching.find!("a == b", graph.InputNode.Type[], const(graph.InputNode.Type)).find(graph.InputNode.Type[], const(graph.InputNode.Type))
    153          41          26           0     nothrow @nogc std.container.array.RangeT!(std.container.array.Array!(graph.InputNode).Array).RangeT std.container.array.Array!(graph.InputNode).Array.opSlice()
    615          23          23           0     pure nothrow @nogc @safe void std.algorithm.iteration.FilterResult!(std.functional.unaryFun!("a.neighbours.length > 0", "a").unaryFun, graph.InputNode[]).FilterResult.prime()
      3        3510          22           7     @safe void std.stdio.writeln!(uint).writeln(uint)
      3          94          19           6     pure nothrow @safe graph.InputNode[] std.array.join!(graph.InputNode[][]).join(graph.InputNode[][])
      3          17          17           5     @safe void std.stdio.File.LockingTextWriter.put!(char[]).put(scope char[])
    153          19          13           0     pure nothrow @nogc @safe void std.algorithm.iteration.FilterResult!(std.functional.unaryFun!("a.neighbours.length > 0", "a").unaryFun, graph.InputNode[]).FilterResult.popFront()
      3          21          12           4     ref std.stdio.File.ByLineImpl!(char, char).ByLineImpl std.stdio.File.ByLineImpl!(char, char).ByLineImpl.__ctor(std.stdio.File, std.typecons.Flag!("keepTerminator").Flag, char)
    202          24          12           0     pure nothrow @safe void std.array.Appender!(graph.InputNode[]).Appender.ensureAddable(uint)
      3          12          11           3     std.algorithm.iteration.MapResult!(std.functional.unaryFun!("a.dup", "a").unaryFun, std.stdio.File.ByLineImpl!(char, char).ByLineImpl).MapResult std.algorithm.iteration.map!("a.dup").map!(std.stdio.File.ByLineImpl!(char, char).ByLineImpl).map(std.stdio.File.ByLineImpl!(char, char).ByLineImpl)
    153          15          10           0     pure nothrow @nogc void std.container.array.Array!(graph.InputNode).Array.__fieldPostblit()
     19          12           9           0     pure nothrow char[] object._dup!(const(char), char)._dup(const(char)[])
      3          96           8           2     pure nothrow @safe graph.InputNode[] std.array.array!(std.algorithm.iteration.FilterResult!(graph.shortestPaths(graph.InputNode[]).__lambda3, graph.InputNode[]).FilterResult).array(std.algorithm.iteration.FilterResult!(graph.shortestPaths(graph.InputNode[]).__lambda3, graph.InputNode[]).FilterResult)
     98         158           7           0     void std.stdio.File.ByLineImpl!(char, char).ByLineImpl.Impl.needLine()
     19           7           7           0     pure nothrow @trusted core.memory.BlkInfo_ std.array.Appender!(graph.InputNode[]).Appender.ensureAddable(uint).__lambda3()
    199           7           7           0     pure nothrow @safe void std.algorithm.iteration.FilterResult!(graph.shortestPaths(graph.InputNode[]).__lambda3, graph.InputNode[]).FilterResult.prime()
    202           7           7           0     pure nothrow @nogc @trusted graph.InputNode[] std.array.Appender!(graph.InputNode[]).Appender.put!(graph.InputNode).put(graph.InputNode).__lambda2()
    153           6           6           0     pure nothrow @nogc @safe graph.InputNode.Type[] std.algorithm.searching.find!("a == b", graph.InputNode.Type[], graph.InputNode.Type).find(graph.InputNode.Type[], graph.InputNode.Type)
     49           9           5           0     pure nothrow ref @property @safe graph.InputNode std.algorithm.iteration.FilterResult!(graph.shortestPaths(graph.InputNode[]).__lambda3, graph.InputNode[]).FilterResult.front()
      4           5           5           1     pure nothrow @trusted core.memory.BlkInfo_ std.array.Appender!(char[][]).Appender.ensureAddable(uint).__lambda3()
    153           5           5           0     nothrow @nogc void std.typecons.RefCounted!(std.container.array.Array!(graph.InputNode).Array.Payload, 0).RefCounted.__dtor()
      3           5           5           1     pure nothrow ref @trusted std.array.Appender!(char[][]).Appender std.array.Appender!(char[][]).Appender.__ctor(char[][])
      3           8           5           1     ref std.typecons.RefCounted!(std.stdio.File.ByLineImpl!(char, char).ByLineImpl.Impl, 0).RefCounted std.typecons.RefCounted!(std.stdio.File.ByLineImpl!(char, char).ByLineImpl.Impl, 0).RefCounted.__ctor!(std.stdio.File, std.typecons.Flag!("keepTerminator").Flag, char).__ctor(ref std.stdio.File, ref std.typecons.Flag!("keepTerminator").Flag, ref char)
      6           5           5           0     pure nothrow ref @trusted std.array.Appender!(graph.InputNode[]).Appender std.array.Appender!(graph.InputNode[]).Appender.__ctor(graph.InputNode[])
    153           4           4           0     pure nothrow @nogc @safe void std.typecons.RefCounted!(std.container.array.Array!(graph.InputNode).Array.Payload, 0).RefCounted.__postblit()
      3           4           4           1     pure nothrow graph.InputNode[] std.array.uninitializedArray!(graph.InputNode[], uint).uninitializedArray(uint)
      1       12350           4           4     _Dmain
      3        3487           4           1     @safe void std.stdio.File.write!(uint, char).write(uint, char)
     12           4           4           0     void std.typecons.RefCounted!(std.stdio.File.ByLineImpl!(char, char).ByLineImpl.Impl, 0).RefCounted.__dtor()
     19          16           3           0     pure nothrow @safe void std.array.Appender!(char[][]).Appender.put!(char[]).put(char[])
     19           9           2           0     pure nothrow @safe void std.array.Appender!(char[][]).Appender.ensureAddable(uint)
     19           3           2           0     pure nothrow @nogc @safe void object._doPostblit!(char)._doPostblit(char[])
     19           3           2           0     pure nothrow @nogc @safe void std.conv.emplaceRef!(char[], char[], char[]).emplaceRef(ref char[], ref char[])
     13           2           2           0     pure nothrow @trusted uint std.array.Appender!(graph.InputNode[]).Appender.ensureAddable(uint).__lambda2()
     19           2           2           0     pure nothrow @nogc @safe uint std.array.appenderNewCapacity!(4u).appenderNewCapacity(uint, uint)
      3          19           1           0     @safe void std.conv.toTextRange!(uint, std.stdio.File.LockingTextWriter).toTextRange(uint, std.stdio.File.LockingTextWriter)
      3           1           1           0     ref @safe std.stdio.File.ByLineImpl!(char, char).ByLineImpl.Impl std.stdio.File.ByLineImpl!(char, char).ByLineImpl.Impl.__ctor(std.stdio.File, std.typecons.Flag!("keepTerminator").Flag, char)
     25           1           1           0     pure @safe bool std.exception.enforce!().enforce!(bool).enforce(bool, lazy const(char)[], immutable(char)[], uint)
     46           1           1           0     inout pure nothrow ref @nogc @safe inout(std.typecons.Nullable!(char).Nullable) std.typecons.Nullable!(char).Nullable.__ctor(inout(char))
     19           0           0           0     pure nothrow @nogc @trusted void delegate(ref char) pure nothrow @nogc @safe object._getPostblit!(char)._getPostblit()
     19           0           0           0     pure nothrow @nogc @safe bool std.algorithm.searching.endsWith!("a == b", char[], char).endsWith(char[], char)
      3          22           0           0     std.stdio.File.ByLineImpl!(char, char).ByLineImpl std.stdio.File.byLine!(char, char).byLine(std.typecons.Flag!("keepTerminator").Flag, char)
      3           3           0           0     @safe void std.conv.emplaceRef!(std.stdio.File.ByLineImpl!(char, char).ByLineImpl.Impl, std.stdio.File.ByLineImpl!(char, char).ByLineImpl.Impl, std.stdio.File, std.typecons.Flag!("keepTerminator").Flag, char).emplaceRef(ref std.stdio.File.ByLineImpl!(char, char).ByLineImpl.Impl, ref std.stdio.File, ref std.typecons.Flag!("keepTerminator").Flag, ref char)
     19           0           0           0     pure nothrow ref @nogc @safe std.conv.emplaceRef!(char[], char[], char[]).emplaceRef(ref char[], ref char[]).S std.conv.emplaceRef!(char[], char[], char[]).emplaceRef(ref char[], ref char[]).S.__ctor(ref char[])
     19           0           0           0     pure nothrow @nogc @trusted graph.InputNode[] std.array.Appender!(graph.InputNode[]).Appender.ensureAddable(uint).__lambda5()
      3           2           0           0     ref @safe std.conv.emplaceRef!(std.stdio.File.ByLineImpl!(char, char).ByLineImpl.Impl, std.stdio.File.ByLineImpl!(char, char).ByLineImpl.Impl, std.stdio.File, std.typecons.Flag!("keepTerminator").Flag, char).emplaceRef(ref std.stdio.File.ByLineImpl!(char, char).ByLineImpl.Impl, ref std.stdio.File, ref std.typecons.Flag!("keepTerminator").Flag, ref char).S std.conv.emplaceRef!(std.stdio.File.ByLineImpl!(char, char).ByLineImpl.Impl, std.stdio.File.ByLineImpl!(char, char).ByLineImpl.Impl, std.stdio.File, std.typecons.Flag!("keepTerminator").Flag, char).emplaceRef(ref std.stdio.File.ByLineImpl!(char, char).ByLineImpl.Impl, ref std.stdio.File, ref std.typecons.Flag!("keepTerminator").Flag, ref char).S.__ctor(ref std.stdio.File, ref std.typecons.Flag!("keepTerminator").Flag, ref char)
     19           0           0           0     pure nothrow @nogc @trusted std.conv.emplaceRef!(char[], char[], char[]).emplaceRef(ref char[], ref char[]).S* std.conv.emplaceRef!(char[], char[], char[]).emplaceRef(ref char[], ref char[]).__lambda5()
      4           0           0           0     pure nothrow @nogc @safe uint std.array.appenderNewCapacity!(8u).appenderNewCapacity(uint, uint)
      3           1           0           0     ref std.algorithm.iteration.MapResult!(std.functional.unaryFun!("a.dup", "a").unaryFun, std.stdio.File.ByLineImpl!(char, char).ByLineImpl).MapResult std.algorithm.iteration.MapResult!(std.functional.unaryFun!("a.dup", "a").unaryFun, std.stdio.File.ByLineImpl!(char, char).ByLineImpl).MapResult.__ctor(std.stdio.File.ByLineImpl!(char, char).ByLineImpl)
     13           0           0           0     pure nothrow @nogc @trusted void std.array.Appender!(graph.InputNode[]).Appender.ensureAddable(uint).__lambda4()
      3           0           0           0     pure nothrow @nogc @safe char[] core.internal.string.unsignedToTempString!().unsignedToTempString(ulong, scope return char[], uint)
      3           5           0           0     pure nothrow @trusted graph.InputNode[] std.array.join!(graph.InputNode[][]).join(graph.InputNode[][]).__lambda2()
     19           0           0           0     pure nothrow @nogc @trusted char[][] std.array.Appender!(char[][]).Appender.put!(char[]).put(char[]).__lambda2()
      3           0           0           0     pure nothrow @nogc @trusted void std.conv.emplaceInitializer!(std.conv.emplaceRef!(std.stdio.File.ByLineImpl!(char, char).ByLineImpl.Impl, std.stdio.File.ByLineImpl!(char, char).ByLineImpl.Impl, std.stdio.File, std.typecons.Flag!("keepTerminator").Flag, char).emplaceRef(ref std.stdio.File.ByLineImpl!(char, char).ByLineImpl.Impl, ref std.stdio.File, ref std.typecons.Flag!("keepTerminator").Flag, ref char).S).emplaceInitializer(scope ref std.conv.emplaceRef!(std.stdio.File.ByLineImpl!(char, char).ByLineImpl.Impl, std.stdio.File.ByLineImpl!(char, char).ByLineImpl.Impl, std.stdio.File, std.typecons.Flag!("keepTerminator").Flag, char).emplaceRef(ref std.stdio.File.ByLineImpl!(char, char).ByLineImpl.Impl, ref std.stdio.File, ref std.typecons.Flag!("keepTerminator").Flag, ref char).S)
      1           0           0           0     pure nothrow @trusted uint std.array.Appender!(char[][]).Appender.ensureAddable(uint).__lambda2()
      3           0           0           0     pure nothrow @nogc @trusted std.conv.emplaceRef!(std.stdio.File.ByLineImpl!(char, char).ByLineImpl.Impl, std.stdio.File.ByLineImpl!(char, char).ByLineImpl.Impl, std.stdio.File, std.typecons.Flag!("keepTerminator").Flag, char).emplaceRef(ref std.stdio.File.ByLineImpl!(char, char).ByLineImpl.Impl, ref std.stdio.File, ref std.typecons.Flag!("keepTerminator").Flag, ref char).S* std.conv.emplaceRef!(std.stdio.File.ByLineImpl!(char, char).ByLineImpl.Impl, std.stdio.File.ByLineImpl!(char, char).ByLineImpl.Impl, std.stdio.File, std.typecons.Flag!("keepTerminator").Flag, char).emplaceRef(ref std.stdio.File.ByLineImpl!(char, char).ByLineImpl.Impl, ref std.stdio.File, ref std.typecons.Flag!("keepTerminator").Flag, ref char).__lambda7()
      3           0           0           0     @safe void object.destroy!(true, std.stdio.File.ByLineImpl!(char, char).ByLineImpl.Impl).destroy(ref std.stdio.File.ByLineImpl!(char, char).ByLineImpl.Impl)
      9           0           0           0     pure nothrow @nogc @safe void std.typecons.RefCounted!(std.stdio.File.ByLineImpl!(char, char).ByLineImpl.Impl, 0).RefCounted.__postblit()
      4           0           0           0     pure nothrow @nogc @trusted char[][] std.array.Appender!(char[][]).Appender.ensureAddable(uint).__lambda5()
      3           0           0           0     pure nothrow @nogc @safe std.algorithm.iteration.FilterResult!(graph.shortestPaths(graph.InputNode[]).__lambda3, graph.InputNode[]).FilterResult std.algorithm.iteration.filter!(graph.shortestPaths(graph.InputNode[]).__lambda3).filter!(graph.InputNode[]).filter(graph.InputNode[])
      1           0           0           0     pure nothrow @nogc @trusted void std.array.Appender!(char[][]).Appender.ensureAddable(uint).__lambda4()
      3           0           0           0     pure nothrow @nogc @trusted graph.InputNode[] std.array.join!(graph.InputNode[][]).join(graph.InputNode[][]).__lambda3()
      3           0           0           0     pure nothrow @nogc @trusted void object.destroy!(true, std.stdio.File.ByLineImpl!(char, char).ByLineImpl.Impl).destroy(ref std.stdio.File.ByLineImpl!(char, char).ByLineImpl.Impl).__lambda4()
